0.0 0.0 1.0 2.0
0.0 9.0395480226 1.0 0.0
0.0 18.0790960452 1.0 0.0
0.0 27.1186440678 1.0 0.0
0.0 36.1581920904 1.0 0.0
0.0 45.197740113 1.0 0.0
0.0 54.2372881356 1.0 0.0
0.0 63.2768361582 1.0 0.0
0.0 72.3163841808 1.0 0.0
0.0 81.3559322034 1.0 0.0
0.0 90.395480226 1.0 0.0
0.0 99.4350282486 1.0 0.0
0.0 108.474576271 1.0 0.0
0.0 117.514124294 1.0 0.0
0.0 126.553672316 1.0 0.0
0.0 135.593220339 1.0 0.0
0.0 144.632768362 1.0 0.0
0.0 153.672316384 1.0 0.0
0.0 162.711864407 1.0 0.0
0.0 171.751412429 1.0 0.0
9.0395480226 0.0 1.0 0.0
9.0395480226 9.0395480226 1.00033209136 0.0
9.0395480226 18.0790960452 1.00065209114 0.0
9.0395480226 27.1186440678 1.00095145546 0.0
9.0395480226 36.1581920904 1.00122235896 0.0
9.0395480226 45.197740113 1.00145740442 0.0
9.0395480226 54.2372881356 1.00165074614 0.0
9.0395480226 63.2768361582 1.00179765894 0.0
9.0395480226 72.3163841808 1.0018941223 0.0
9.0395480226 81.3559322034 1.00193830645 0.0
9.0395480226 90.395480226 1.00192962713 0.0
9.0395480226 99.4350282486 1.00186830594 0.0
9.0395480226 108.474576271 1.00175685596 0.0
9.0395480226 117.514124294 1.00159886118 0.0
9.0395480226 126.553672316 1.00139861798 0.0
9.0395480226 135.593220339 1.00116226712 0.0
9.0395480226 144.632768362 1.00089659522 0.0
9.0395480226 153.672316384 1.00060884096 0.0
9.0395480226 162.711864407 1.00030721343 0.0
9.0395480226 171.751412429 1.0 0.0
18.0790960452 0.0 1.0 0.0
18.0790960452 9.0395480226 1.00065209114 0.0
18.0790960452 18.0790960452 1.0012804921 0.0
18.0790960452 27.1186440678 1.00186854919 0.0
18.0790960452 36.1581920904 1.00240021124 0.0
18.0790960452 45.197740113 1.00286186172 0.0
18.0790960452 54.2372881356 1.00324187557 0.0
18.0790960452 63.2768361582 1.00352986414 0.0
18.0790960452 72.3163841808 1.00371943118 0.0
18.0790960452 81.3559322034 1.00380661069 0.0
18.0790960452 90.395480226 1.00378899534 0.0
18.0790960452 99.4350282486 1.0036687359 0.0
18.0790960452 108.474576271 1.00345026262 0.0
18.0790960452 117.514124294 1.00313950671 0.0
18.0790960452 126.553672316 1.00274642355 0.0
18.0790960452 135.593220339 1.00228255854 0.0
18.0790960452 144.632768362 1.00176054474 0.0
18.0790960452 153.672316384 1.00119556236 0.0
18.0790960452 162.711864407 1.00060333171 0.0
18.0790960452 171.751412429 1.0 0.0
27.1186440678 0.0 1.0 0.0
27.1186440678 9.0395480226 1.00095145546 0.0
27.1186440678 18.0790960452 1.00186854919 0.0
27.1186440678 27.1186440678 1.00272625704 0.0
27.1186440678 36.1581920904 1.00350210846 0.0
27.1186440678 45.197740113 1.00417615159 0.0
27.1186440678 54.2372881356 1.0047299722 0.0
27.1186440678 63.2768361582 1.00515036566 0.0
27.1186440678 72.3163841808 1.00542755341 0.0
27.1186440678 81.3559322034 1.00555393367 0.0
27.1186440678 90.395480226 1.00552845889 0.0
27.1186440678 99.4350282486 1.0053535763 0.0
27.1186440678 108.474576271 1.0050340133 0.0
27.1186440678 117.514124294 1.00458080045 0.0
27.1186440678 126.553672316 1.00400769842 0.0
27.1186440678 135.593220339 1.00333030578 0.0
27.1186440678 144.632768362 1.00256878041 0.0
27.1186440678 153.672316384 1.00174461552 0.0
27.1186440678 162.711864407 1.00088027491 0.0
27.1186440678 171.751412429 1.0 0.0
36.1581920904 0.0 1.0 0.0
36.1581920904 9.0395480226 1.00122235896 0.0
36.1581920904 18.0790960452 1.00240021124 0.0
36.1581920904 27.1186440678 1.00350210846 0.0
36.1581920904 36.1581920904 1.0044992473 0.0
36.1581920904 45.197740113 1.00536440013 0.0
36.1581920904 54.2372881356 1.00607604986 0.0
36.1581920904 63.2768361582 1.00661680452 0.0
36.1581920904 72.3163841808 1.00697186537 0.0
36.1581920904 81.3559322034 1.00713449715 0.0
36.1581920904 90.395480226 1.00710254986 0.0
36.1581920904 99.4350282486 1.00687683902 0.0
36.1581920904 108.474576271 1.00646661456 0.0
36.1581920904 117.514124294 1.00588506884 0.0
36.1581920904 126.553672316 1.00514801581 0.0
36.1581920904 135.593220339 1.0042780581 0.0
36.1581920904 144.632768362 1.0033001762 0.0
36.1581920904 153.672316384 1.00224101391 0.0
36.1581920904 162.711864407 1.00113078714 0.0
36.1581920904 171.751412429 1.0 0.0
45.197740113 0.0 1.0 0.0
45.197740113 9.0395480226 1.00145740442 0.0
45.197740113 18.0790960452 1.00286186172 0.0
45.197740113 27.1186440678 1.00417615159 0.0
45.197740113 36.1581920904 1.00536440013 0.0
45.197740113 45.197740113 1.0063961744 0.0
45.197740113 54.2372881356 1.00724549329 0.0
45.197740113 63.2768361582 1.00788913845 0.0
45.197740113 72.3163841808 1.00831281398 0.0
45.197740113 81.3559322034 1.00850765677 0.0
45.197740113 90.395480226 1.00846828637 0.0
45.197740113 99.4350282486 1.00819950929 0.0
45.197740113 108.474576271 1.00771122776 0.0
45.197740113 117.514124294 1.00701669768 0.0
45.197740113 126.553672316 1.00613816867 0.0
45.197740113 135.593220339 1.00510144491 0.0
45.197740113 144.632768362 1.00393476068 0.0
45.197740113 153.672316384 1.00267204309 0.0
45.197740113 162.711864407 1.00134842675 0.0
45.197740113 171.751412429 1.0 0.0
54.2372881356 0.0 1.0 0.0
54.2372881356 9.0395480226 1.00165074614 0.0
54.2372881356 18.0790960452 1.00324187557 0.0
54.2372881356 27.1186440678 1.0047299722 0.0
54.2372881356 36.1581920904 1.00607604986 0.0
54.2372881356 45.197740113 1.00724549329 0.0
54.2372881356 54.2372881356 1.0082063543 0.0
54.2372881356 63.2768361582 1.00893572267 0.0
54.2372881356 72.3163841808 1.00941663386 0.0
54.2372881356 81.3559322034 1.0096358989 0.0
54.2372881356 90.395480226 1.00959169966 0.0
54.2372881356 99.4350282486 1.00928828311 0.0
54.2372881356 108.474576271 1.00873385093 0.0
54.2372881356 117.514124294 1.00794754026 0.0
54.2372881356 126.553672316 1.00695322629 0.0
54.2372881356 135.593220339 1.0057779718 0.0
54.2372881356 144.632768362 1.0044567497 0.0
54.2372881356 153.672316384 1.00302685051 0.0
54.2372881356 162.711864407 1.00152724796 0.0
54.2372881356 171.751412429 1.0 0.0
63.2768361582 0.0 1.0 0.0
63.2768361582 9.0395480226 1.00179765894 0.0
63.2768361582 18.0790960452 1.00352986414 0.0
63.2768361582 27.1186440678 1.00515036566 0.0
63.2768361582 36.1581920904 1.00661680452 0.0
63.2768361582 45.197740113 1.00788913845 0.0
63.2768361582 54.2372881356 1.00893572267 0.0
63.2768361582 63.2768361582 1.00973098084 0.0
63.2768361582 72.3163841808 1.01025314907 0.0
63.2768361582 81.3559322034 1.01049232137 0.0
63.2768361582 90.395480226 1.01044533722 0.0
63.2768361582 99.4350282486 1.01011339568 0.0
63.2768361582 108.474576271 1.0095100994 0.0
63.2768361582 117.514124294 1.00865485089 0.0
63.2768361582 126.553672316 1.00757090658 0.0
63.2768361582 135.593220339 1.0062915064 0.0
63.2768361582 144.632768362 1.00485338858 0.0
63.2768361582 153.672316384 1.00329573642 0.0
63.2768361582 162.711864407 1.00166298656 0.0
63.2768361582 171.751412429 1.0 0.0
72.3163841808 0.0 1.0 0.0
72.3163841808 9.0395480226 1.0018941223 0.0
72.3163841808 18.0790960452 1.00371943118 0.0
72.3163841808 27.1186440678 1.00542755341 0.0
72.3163841808 36.1581920904 1.00697186537 0.0
72.3163841808 45.197740113 1.00831281398 0.0
72.3163841808 54.2372881356 1.00941663386 0.0
72.3163841808 63.2768361582 1.01025314907 0.0
72.3163841808 72.3163841808 1.01080377892 0.0
72.3163841808 81.3559322034 1.01105700597 0.0
72.3163841808 90.395480226 1.01100583723 0.0
72.3163841808 99.4350282486 1.01065651856 0.0
72.3163841808 108.474576271 1.01002192097 0.0
72.3163841808 117.514124294 1.00911927217 0.0
72.3163841808 126.553672316 1.00797748822 0.0
72.3163841808 135.593220339 1.00663010676 0.0
72.3163841808 144.632768362 1.00511382217 0.0
72.3163841808 153.672316384 1.00347272752 0.0
72.3163841808 162.711864407 1.00175248613 0.0
72.3163841808 171.751412429 1.0 0.0
81.3559322034 0.0 1.0 0.0
81.3559322034 9.0395480226 1.00193830645 0.0
81.3559322034 18.0790960452 1.00380661069 0.0
81.3559322034 27.1186440678 1.00555393367 0.0
81.3559322034 36.1581920904 1.00713449715 0.0
81.3559322034 45.197740113 1.00850765677 0.0
81.3559322034 54.2372881356 1.0096358989 0.0
81.3559322034 63.2768361582 1.01049232137 0.0
81.3559322034 72.3163841808 1.01105700597 0.0
81.3559322034 81.3559322034 1.01131446594 0.0
81.3559322034 90.395480226 1.01126256543 0.0
81.3559322034 99.4350282486 1.01090629291 0.0
81.3559322034 108.474576271 1.01025527841 0.0
81.3559322034 117.514124294 1.00933199189 0.0
81.3559322034 126.553672316 1.00816446896 0.0
81.3559322034 135.593220339 1.00678448633 0.0
81.3559322034 144.632768362 1.00523310856 0.0
81.3559322034 153.672316384 1.00355412294 0.0
81.3559322034 162.711864407 1.001793292 0.0
81.3559322034 171.751412429 1.0 0.0
90.395480226 0.0 1.0 0.0
90.395480226 9.0395480226 1.00192962713 0.0
90.395480226 18.0790960452 1.00378899534 0.0
90.395480226 27.1186440678 1.00552845889 0.0
90.395480226 36.1581920904 1.00710254986 0.0
90.395480226 45.197740113 1.00846828637 0.0
90.395480226 54.2372881356 1.00959169966 0.0
90.395480226 63.2768361582 1.01044533722 0.0
90.395480226 72.3163841808 1.01100583723 0.0
90.395480226 81.3559322034 1.01126256543 0.0
90.395480226 90.395480226 1.01121213102 0.0
90.395480226 99.4350282486 1.01085582076 0.0
90.395480226 108.474576271 1.01020823487 0.0
90.395480226 117.514124294 1.0092902018 0.0
90.395480226 126.553672316 1.00812668482 0.0
90.395480226 135.593220339 1.00675336329 0.0
90.395480226 144.632768362 1.00520967346 0.0
90.395480226 153.672316384 1.00353767467 0.0
90.395480226 162.711864407 1.00178506532 0.0
90.395480226 171.751412429 1.0 0.0
99.4350282486 0.0 1.0 0.0
99.4350282486 9.0395480226 1.00186830594 0.0
99.4350282486 18.0790960452 1.0036687359 0.0
99.4350282486 27.1186440678 1.0053535763 0.0
99.4350282486 36.1581920904 1.00687683902 0.0
99.4350282486 45.197740113 1.00819950929 0.0
99.4350282486 54.2372881356 1.00928828311 0.0
99.4350282486 63.2768361582 1.01011339568 0.0
99.4350282486 72.3163841808 1.01065651856 0.0
99.4350282486 81.3559322034 1.01090629291 0.0
99.4350282486 90.395480226 1.01085582076 0.0
99.4350282486 99.4350282486 1.01051126185 0.0
99.4350282486 108.474576271 1.00988531337 0.0
99.4350282486 117.514124294 1.00899496783 0.0
99.4350282486 126.553672316 1.00786874636 0.0
99.4350282486 135.593220339 1.00653973067 0.0
99.4350282486 144.632768362 1.00504411455 0.0
99.4350282486 153.672316384 1.00342538961 0.0
99.4350282486 162.711864407 1.00172859731 0.0
99.4350282486 171.751412429 1.0 0.0
108.474576271 0.0 1.0 0.0
108.474576271 9.0395480226 1.00175685596 0.0
108.474576271 18.0790960452 1.00345026262 0.0
108.474576271 27.1186440678 1.0050340133 0.0
108.474576271 36.1581920904 1.00646661456 0.0
108.474576271 45.197740113 1.00771122776 0.0
108.474576271 54.2372881356 1.00873385093 0.0
108.474576271 63.2768361582 1.0095100994 0.0
108.474576271 72.3163841808 1.01002192097 0.0
108.474576271 81.3559322034 1.01025527841 0.0
108.474576271 90.395480226 1.01020823487 0.0
108.474576271 99.4350282486 1.00988531337 0.0
108.474576271 108.474576271 1.00929524212 0.0
108.474576271 117.514124294 1.00845838679 0.0
108.474576271 126.553672316 1.00740015974 0.0
108.474576271 135.593220339 1.00614936255 0.0
108.474576271 144.632768362 1.00474321507 0.0
108.474576271 153.672316384 1.00322140622 0.0
108.474576271 162.711864407 1.00162541418 0.0
108.474576271 171.751412429 1.0 0.0
117.514124294 0.0 1.0 0.0
117.514124294 9.0395480226 1.00159886118 0.0
117.514124294 18.0790960452 1.00313950671 0.0
117.514124294 27.1186440678 1.00458080045 0.0
117.514124294 36.1581920904 1.00588506884 0.0
117.514124294 45.197740113 1.00701669768 0.0
117.514124294 54.2372881356 1.00794754026 0.0
117.514124294 63.2768361582 1.00865485089 0.0
117.514124294 72.3163841808 1.00911927217 0.0
117.514124294 81.3559322034 1.00933199189 0.0
117.514124294 90.395480226 1.0092902018 0.0
117.514124294 99.4350282486 1.00899496783 0.0
117.514124294 108.474576271 1.00845838679 0.0
117.514124294 117.514124294 1.007697718 0.0
117.514124294 126.553672316 1.00673364534 0.0
117.514124294 135.593220339 1.00559573166 0.0
117.514124294 144.632768362 1.00431665402 0.0
117.514124294 153.672316384 1.00293126183 0.0
117.514124294 162.711864407 1.00147907702 0.0
117.514124294 171.751412429 1.0 0.0
126.553672316 0.0 1.0 0.0
126.553672316 9.0395480226 1.00139861798 0.0
126.553672316 18.0790960452 1.00274642355 0.0
126.553672316 27.1186440678 1.00400769842 0.0
126.553672316 36.1581920904 1.00514801581 0.0
126.553672316 45.197740113 1.00613816867 0.0
126.553672316 54.2372881356 1.00695322629 0.0
126.553672316 63.2768361582 1.00757090658 0.0
126.553672316 72.3163841808 1.00797748822 0.0
126.553672316 81.3559322034 1.00816446896 0.0
126.553672316 90.395480226 1.00812668482 0.0
126.553672316 99.4350282486 1.00786874636 0.0
126.553672316 108.474576271 1.00740015974 0.0
126.553672316 117.514124294 1.00673364534 0.0
126.553672316 126.553672316 1.00589055365 0.0
126.553672316 135.593220339 1.00489565045 0.0
126.553672316 144.632768362 1.00377603019 0.0
126.553672316 153.672316384 1.00256425051 0.0
126.553672316 162.711864407 1.00129402983 0.0
126.553672316 171.751412429 1.0 0.0
135.593220339 0.0 1.0 0.0
135.593220339 9.0395480226 1.00116226712 0.0
135.593220339 18.0790960452 1.00228255854 0.0
135.593220339 27.1186440678 1.00333030578 0.0
135.593220339 36.1581920904 1.0042780581 0.0
135.593220339 45.197740113 1.00510144491 0.0
135.593220339 54.2372881356 1.0057779718 0.0
135.593220339 63.2768361582 1.0062915064 0.0
135.593220339 72.3163841808 1.00663010676 0.0
135.593220339 81.3559322034 1.00678448633 0.0
135.593220339 90.395480226 1.00675336329 0.0
135.593220339 99.4350282486 1.00653973067 0.0
135.593220339 108.474576271 1.00614936255 0.0
135.593220339 117.514124294 1.00559573166 0.0
135.593220339 126.553672316 1.00489565045 0.0
135.593220339 135.593220339 1.00406817272 0.0
135.593220339 144.632768362 1.00313792138 0.0
135.593220339 153.672316384 1.0021311534 0.0
135.593220339 162.711864407 1.00107530892 0.0
135.593220339 171.751412429 1.0 0.0
144.632768362 0.0 1.0 0.0
144.632768362 9.0395480226 1.00089659522 0.0
144.632768362 18.0790960452 1.00176054474 0.0
144.632768362 27.1186440678 1.00256878041 0.0
144.632768362 36.1581920904 1.0033001762 0.0
144.632768362 45.197740113 1.00393476068 0.0
144.632768362 54.2372881356 1.0044567497 0.0
144.632768362 63.2768361582 1.00485338858 0.0
144.632768362 72.3163841808 1.00511382217 0.0
144.632768362 81.3559322034 1.00523310856 0.0
144.632768362 90.395480226 1.00520967346 0.0
144.632768362 99.4350282486 1.00504411455 0.0
144.632768362 108.474576271 1.00474321507 0.0
144.632768362 117.514124294 1.00431665402 0.0
144.632768362 126.553672316 1.00377603019 0.0
144.632768362 135.593220339 1.00313792138 0.0
144.632768362 144.632768362 1.00242065221 0.0
144.632768362 153.672316384 1.00164376509 0.0
144.632768362 162.711864407 1.00082942267 0.0
144.632768362 171.751412429 1.0 0.0
153.672316384 0.0 1.0 0.0
153.672316384 9.0395480226 1.00060884096 0.0
153.672316384 18.0790960452 1.00119556236 0.0
153.672316384 27.1186440678 1.00174461552 0.0
153.672316384 36.1581920904 1.00224101391 0.0
153.672316384 45.197740113 1.00267204309 0.0
153.672316384 54.2372881356 1.00302685051 0.0
153.672316384 63.2768361582 1.00329573642 0.0
153.672316384 72.3163841808 1.00347272752 0.0
153.672316384 81.3559322034 1.00355412294 0.0
153.672316384 90.395480226 1.00353767467 0.0
153.672316384 99.4350282486 1.00342538961 0.0
153.672316384 108.474576271 1.00322140622 0.0
153.672316384 117.514124294 1.00293126183 0.0
153.672316384 126.553672316 1.00256425051 0.0
153.672316384 135.593220339 1.0021311534 0.0
153.672316384 144.632768362 1.00164376509 0.0
153.672316384 153.672316384 1.00111625834 0.0
153.672316384 162.711864407 1.0005633114 0.0
153.672316384 171.751412429 1.0 0.0
162.711864407 0.0 1.0 0.0
162.711864407 9.0395480226 1.00030721343 0.0
162.711864407 18.0790960452 1.00060333171 0.0
162.711864407 27.1186440678 1.00088027491 0.0
162.711864407 36.1581920904 1.00113078714 0.0
162.711864407 45.197740113 1.00134842675 0.0
162.711864407 54.2372881356 1.00152724796 0.0
162.711864407 63.2768361582 1.00166298656 0.0
162.711864407 72.3163841808 1.00175248613 0.0
162.711864407 81.3559322034 1.001793292 0.0
162.711864407 90.395480226 1.00178506532 0.0
162.711864407 99.4350282486 1.00172859731 0.0
162.711864407 108.474576271 1.00162541418 0.0
162.711864407 117.514124294 1.00147907702 0.0
162.711864407 126.553672316 1.00129402983 0.0
162.711864407 135.593220339 1.00107530892 0.0
162.711864407 144.632768362 1.00082942267 0.0
162.711864407 153.672316384 1.0005633114 0.0
162.711864407 162.711864407 1.00028422814 0.0
162.711864407 171.751412429 1.0 0.0
171.751412429 0.0 1.0 0.0
171.751412429 9.0395480226 1.0 0.0
171.751412429 18.0790960452 1.0 0.0
171.751412429 27.1186440678 1.0 0.0
171.751412429 36.1581920904 1.0 0.0
171.751412429 45.197740113 1.0 0.0
171.751412429 54.2372881356 1.0 0.0
171.751412429 63.2768361582 1.0 0.0
171.751412429 72.3163841808 1.0 0.0
171.751412429 81.3559322034 1.0 0.0
171.751412429 90.395480226 1.0 0.0
171.751412429 99.4350282486 1.0 0.0
171.751412429 108.474576271 1.0 0.0
171.751412429 117.514124294 1.0 0.0
171.751412429 126.553672316 1.0 0.0
171.751412429 135.593220339 1.0 0.0
171.751412429 144.632768362 1.0 0.0
171.751412429 153.672316384 1.0 0.0
171.751412429 162.711864407 1.0 0.0
171.751412429 171.751412429 1.0 0.0
