0.0 0.0
0.02 21.919587198
0.04 31.071637728
0.06 28.784434556
0.08 31.034128204
0.1 35.60604417
0.12 37.948025098
0.14 37.957474226
0.16 37.955081802
0.18 37.971465192
0.2 37.99045119
0.22 37.994988634
0.24 37.99406475
0.26 38.002965192
0.28 38.025633964
0.3 38.056351794
0.32 44.767707674
0.34 42.523231994
0.36 42.527915544
0.38 40.283646524
0.4 38.031922364
0.42 38.038320452
0.44 38.051020748
0.46 40.321708278
0.48 42.585351184
0.5 42.60060787
0.52 42.614927614
0.54 42.62737732
0.56 44.827628772
0.58 44.774568386
0.6 44.778399168
0.62 44.782295474
0.64 44.786355498
0.66 44.790451984
0.68 44.795659766
0.7 44.801022974
0.72 44.804749896
0.74 44.804341306
0.76 44.794370986
0.78 51.571622184
0.8 51.5479337
0.82 49.34301235
0.84 44.79332368
0.86 44.738123122
0.88 46.911707378
0.9 46.907466712
0.92 46.91434834
0.94 44.627846766
0.96 44.652254604
0.98 40.21121959
1.0 42.477795816
1.02 42.521540858
1.04 40.270062526
1.06 42.54437634
1.08 44.818966428
1.1 49.33454606
1.12 51.480117242
1.14 53.738681058
1.16 60.27115292
1.18 64.717683206
1.2 66.858225926
1.22 82.369743156
1.24 89.145190622
1.26 95.50616367
1.28 97.827546556
1.3 97.853639572
1.32 97.890788652
1.34 106.572087232
1.36 106.60492349
1.38 108.838406672
1.4 108.89009425
1.42 113.10792466
1.44 115.247677956
1.46 117.610731996
1.48 117.679166378
1.5 117.75992881
1.52 122.06931705
1.54 124.19747979
1.56 124.29149631
1.58 128.735497482
1.6 130.9036349
1.62 135.159243154
1.64 141.16079314
1.66 145.254907638
1.68 145.344838092
1.7 153.5716321
1.72 155.60422523
1.74 157.981084874
1.76 160.122093734
1.78 160.22531346
1.8 168.811555526
1.82 171.202227604
1.84 175.56501476
1.86 179.888525224
1.88 181.950620874
1.9 187.786253886
1.92 189.75591668
1.94 196.068959974
1.96 198.329806894
1.98 206.44704259
2.0 208.527752632
2.02 210.447511288
2.04 214.48767279
2.06 218.322966062
2.08 222.361482488
2.1 228.471888254
2.12 232.359130308
2.14 232.463510522
2.16 236.428735456
2.18 236.54453552
2.2 240.219326872
2.22 243.955698462
2.24 245.937169606
2.26 250.53677254
2.28 254.059818312
2.3 256.056605326
2.32 259.81613009
2.34 265.431196914
2.36 267.227368836
2.38 273.0792126
2.4 274.962448328
2.42 285.87243945
2.44 285.957579272
2.46 286.053646166
2.48 287.92418038
2.5 288.035675036
2.52 288.158625306
2.54 291.56579149
2.56 293.285423276
2.58 300.47019063
2.6 300.592159012
2.62 307.942369506
2.64 308.065084542
2.66 311.379723626
2.68 315.045665504
2.7 322.5274388
2.72 325.765228718
2.74 325.88260797
2.76 329.661877636
2.78 333.05543857
2.8 334.596867922
2.82 334.728610784
2.84 338.503541094
2.86 341.846892278
2.88 343.59689466
2.9 348.72719939
2.92 357.78586693
2.94 361.458108434
2.96 368.25183124
2.98 368.36641909
3.0 368.492852106
3.02 371.761800062
3.04 374.748412222
3.06 380.306511676
3.08 382.122489998
3.1 384.902797176
3.12 385.025543264
3.14 385.158983662
3.16 389.656094018
3.18 393.219775372
3.2 398.17481149
3.22 399.710996166
3.24 406.624268496
3.26 409.458919636
3.28 409.576005258
3.3 409.703425552
3.32 415.385792112
3.34 417.38502267
3.36 420.653803188
3.38 423.406952632
3.4 427.242093552
3.42 431.477511116
3.44 434.434396446
3.46 437.90016506
3.48 440.531646166
3.5 440.631405378
3.52 443.624115484
3.54 446.442262008
3.56 450.813085484
3.58 450.915502018
3.6 452.146793216
3.62 454.581645234
3.64 454.694275262
3.66 454.816394004
3.68 457.483626478
3.7 460.113649076
3.72 462.177160478
3.74 464.139457658
3.76 465.456969824
3.78 465.607097084
3.8 465.768976276
3.82 467.100579036
3.84 471.074219188
3.86 474.263115462
3.88 476.193685026
3.9 481.431196824
3.92 482.744949882
3.94 485.79166269
3.96 488.417709682
3.98 492.856155304
4.0 495.567965144
4.02 499.002393986
4.04 503.053232246
4.06 506.825724632
4.08 510.809064826
4.1 510.966958176
4.12 514.940410922
4.14 518.43932949
4.16 524.892828484
4.18 528.993353562
4.2 531.348439338
4.22 535.581159696
4.24 539.65672634
4.26 546.392034758
4.28 546.468042978
4.3 550.81658727
4.32 553.01183135
4.34 555.146814002
4.36 560.112971698
4.38 561.194603886
4.4 564.022462738
4.42 568.765430318
4.44 574.430083204
4.46 576.953577688
4.48 578.573577396
4.5 578.619748154
4.52 578.6780432
4.54 578.746823998
4.56 578.828677366
4.58 580.543221314
4.6 580.632110748
4.62 581.674933466
4.64 585.14960874
4.66 590.431599184
4.68 591.704314556
4.7 591.782957394
4.72 592.720787908
4.74 592.816162128
4.76 592.921250724
4.78 596.183936446
4.8 599.04573078
4.82 601.88774223
4.84 605.248451002
4.86 606.10009333
4.88 606.19843596
4.9 608.188073916
4.92 613.220615266
4.94 614.729439602
4.96 617.608244386
4.98 618.403310528
5.0 621.11942284
5.02 625.113921216
5.04 627.842804206
5.06 632.38579298
5.08 634.248493724
5.1 636.124802308
5.12 638.13868417
5.14 639.370597094
5.16 642.516589208
5.18 643.952983094
5.2 644.65571132
5.22 646.835280494
5.24 648.57364135
5.26 649.6800464
5.28 653.301906092
5.3 655.82829504
5.32 656.943781818
5.34 658.732528282
5.36 658.78109858
5.38 661.444195674
5.4 664.588425496
5.42 666.59551411
5.44 668.062633298
5.46 670.89057049
5.48 671.938903762
5.5 672.374650156
5.52 673.637791512
5.54 673.651018752
5.56 676.959620678
5.58 681.0652025
5.6 683.466228822
5.62 684.49878307
5.64 691.642146286
5.66 695.78712291
5.68 695.751176158
5.7 697.185557406
5.72 697.167899102
5.74 701.303850904
5.76 705.537844912
5.78 705.502990244
5.8 709.196477286
5.82 709.164454854
5.84 709.504220018
5.86 712.811971696
5.88 713.02686186
5.9 715.78172475
5.92 716.64263551
5.94 717.243837794
5.96 718.347699374
5.98 718.901093268
6.0 720.187183142
6.02 721.61003804
6.04 723.679295588
6.06 725.86200735
6.08 728.54757657
6.1 729.509086194
6.12 729.4583153
6.14 731.364124746
6.16 731.319474086
6.18 734.1951365
6.2 735.46647569
6.22 735.443118208
6.24 736.787643516
6.26 737.80484375
6.28 740.03130991
6.3 740.22688752
6.32 745.894677888
6.34 746.913000758
6.36 750.842829366
6.38 750.938626818
6.4 751.514532696
6.42 752.766709434
6.44 754.174184056
6.46 754.164057074
6.48 754.212974876
6.5 754.35027507
6.52 754.27327844
6.54 755.661173078
6.56 757.094054376
6.58 757.715637236
6.6 759.01857722
6.62 760.18798436
6.64 762.925435036
6.66 762.809291032
6.68 764.576368126
6.7 766.1377414
6.72 765.868800118
6.74 765.735053184
6.76 767.681066894
6.78 769.678202442
6.8 770.837923056
6.82 770.386576054
6.84 770.296661758
6.86 774.480758516
6.88 777.300714754
6.9 777.14418337
6.92 777.000219182
6.94 776.866160114
6.96 776.594026156
6.98 776.418853952
7.0 777.397169826
7.02 777.27504386
7.04 778.037831388
7.06 777.666498764
7.08 778.705203802
7.1 778.343181654
7.12 779.478708072
7.14 779.368390222
7.16 779.267713914
7.18 781.877702178
7.2 782.396093992
7.22 782.616713434
7.24 781.602061692
7.26 782.560383574
7.28 785.36273967
7.3 786.946625218
7.32 787.854855198
7.34 787.417540236
7.36 787.288232696
7.38 788.651715732
7.4 788.655832236
7.42 788.523229228
7.44 788.088720108
7.46 787.621935366
7.48 788.710320978
7.5 788.022955044
7.52 788.707713408
7.54 788.256512018
7.56 788.13850791
7.58 787.668956248
7.6 787.565217884
7.62 788.63798114
7.64 788.453025102
7.66 789.387769802
7.68 787.781407848
7.7 787.302323114
7.72 786.564627012
7.74 788.126571358
7.76 787.473966832
7.78 788.517205714
7.8 787.574313234
7.82 788.50709676
7.84 788.697875174
7.86 787.632886938
7.88 787.520595958
7.9 787.959869526
7.92 787.246848516
7.94 787.495121452
7.96 788.374783458
7.98 789.727146004
8.0 791.10662347
8.02 790.585358644
8.04 791.03968038
8.06 790.785769114
8.08 793.063075712
8.1 793.880002596
8.12 794.291230894
8.14 796.0090476
8.16 796.240249392
8.18 797.860186798
8.2 798.093471492
8.22 797.509444418
8.24 797.964512738
8.26 797.752337474
8.28 798.133380486
8.3 797.433149146
8.32 796.694794104
8.34 796.998552562
8.36 796.876584844
8.38 796.76695422
8.4 796.812082128
8.42 797.956911916
8.44 797.465277038
8.46 795.917900928
8.48 795.804055238
8.5 794.990830284
8.52 795.416493348
8.54 796.783673196
8.56 795.92786438
8.58 795.450200718
8.6 796.245285008
8.62 796.126300798
8.64 796.018448714
8.66 794.342719396
8.68 795.070438098
8.7 796.78702653
8.72 797.051609372
8.74 795.261489178
8.76 795.175220958
8.78 795.970846654
8.8 795.906855956
8.82 795.812880912
8.84 794.716288776
8.86 792.708848844
8.88 791.776952892
8.9 790.904462172
8.92 787.261532998
8.94 787.141299532
8.96 787.033484802
8.98 785.932482958
9.0 785.799518162
9.02 785.416280032
9.04 784.509360064
9.06 783.557946478
9.08 783.475811334
9.1 781.243826154
9.12 781.086621112
9.14 779.861337384
9.16 780.39797464
9.18 780.019186892
9.2 777.912351072
9.22 778.363531032
9.24 778.812473294
9.26 778.740455056
9.28 778.45960666
9.3 778.046165382
9.32 777.924656336
9.34 775.687449492
9.36 775.520018326
9.38 773.924185132
9.4 769.310107622
9.42 766.84981222
9.44 765.306832818
9.46 765.544257886
9.48 764.18866546
9.5 762.902674184
9.52 760.407279218
9.54 761.062739302
9.56 758.973644728
9.58 753.853772014
9.6 755.177378176
9.62 755.80782738
9.64 755.614344938
9.66 754.773175892
9.68 754.551272472
9.7 754.365968758
9.72 754.191476782
9.74 753.932384252
9.76 750.257409278
9.78 750.80619242
9.8 747.727150826
9.82 745.63870943
9.84 744.094502744
9.86 742.289007318
9.88 742.766706182
9.9 742.377373066
9.92 738.195776626
9.94 738.006290144
9.96 735.024776678
9.98 733.562747972
10.0 732.119462774
10.02 731.342212524
10.04 728.227696876
10.06 726.317267678
10.08 724.794015422
10.1 723.981298354
10.12 723.277352932
10.14 723.070827206
10.16 721.154223736
10.18 722.258585154
10.2 722.06616057
10.22 720.621880166
10.24 718.131862512
10.26 716.59992855
10.28 714.34387819
10.3 713.27636885
10.32 713.076327824
10.34 711.056399206
10.36 711.54884426
10.38 709.683964276
10.4 710.84948595
10.42 708.63644953
10.44 703.064952024
10.46 701.399764722
10.48 700.822105922
10.5 700.619470864
10.52 697.340115844
10.54 695.183908798
10.56 694.936743664
10.58 695.369164886
10.6 694.182531736
10.62 690.6082604
10.64 686.940638934
10.66 686.275667968
10.68 686.038159792
10.7 681.881102526
10.72 679.275374116
10.74 679.025777562
10.76 677.170677832
10.78 672.107874708
10.8 671.971221884
10.82 669.157267988
10.84 668.887458576
10.86 666.994070144
10.88 664.95598548
10.9 664.704284278
10.92 664.83306074
10.94 662.906562722
10.96 661.660211964
10.98 660.867851932
11.0 660.644924328
11.02 659.120512572
11.04 658.9093122
11.06 656.811516744
11.08 656.126617822
11.1 654.025279848
11.12 654.267769374
11.14 649.608676708
11.16 649.315889074
11.18 647.700374732
11.2 645.731720952
11.22 643.647042172
11.24 642.892069336
11.26 640.890284508
11.28 640.66823093
11.3 638.546214628
11.32 634.315593086
11.34 634.409245998
11.36 632.218430952
11.38 627.678609474
11.4 625.98568001
11.42 625.262480732
11.44 623.077055
11.46 621.403148564
11.48 621.185687386
11.5 620.685366458
11.52 619.87175867
11.54 617.76206117
11.56 615.669796148
11.58 611.55542519
11.6 608.697993924
11.62 603.924743644
11.64 601.097972144
11.66 600.89071471
11.68 598.627199236
11.7 593.664506764
11.72 595.18799269
11.74 594.988968212
11.76 594.2139507
11.78 592.872302228
11.8 593.064771904
11.82 590.781482692
11.84 590.612232494
11.86 583.207935394
11.88 580.350621974
11.9 579.766604364
11.92 579.579774686
11.94 573.246001692
11.96 573.0557007
11.98 570.813710162
12.0 568.388502544
12.02 566.422675228
12.04 565.53406971
12.06 561.039027302
12.08 560.281194
12.1 560.1017008
12.12 559.238407666
12.14 559.076857222
12.16 557.301149636
12.18 555.002384258
12.2 554.32764549
12.22 554.337594478
12.24 549.645869798
12.26 549.501879782
12.28 548.634146126
12.3 546.969244546
12.32 546.843917696
12.34 545.92748811
12.36 545.150378996
12.38 545.434307542
12.4 543.032581632
12.42 542.325666502
12.44 541.41669997
12.46 541.32801686
12.48 541.692321934
12.5 540.951780948
12.52 540.913504424
12.54 542.135857866
12.56 542.070698066
12.58 542.288229858
12.6 545.944556844
12.62 545.886863992
12.64 548.048245814
12.66 547.529075818
12.68 550.040594516
12.7 552.306973522
12.72 549.932916202
12.74 549.872509924
12.76 549.822383806
12.78 548.888899226
12.8 548.857914226
12.82 551.013470078
12.84 552.992283086
12.86 554.21769941
12.88 556.39296579
12.9 555.3797586
12.92 558.1540785
12.94 558.10609396
12.96 558.107723946
12.98 561.078362782
13.0 557.731825662
13.02 555.558997776
13.04 555.503792628
13.06 555.72234191
13.08 559.8364204
13.1 558.915332106
13.12 559.074236214
13.14 565.06678807
13.16 567.346168562
13.18 566.37511073
13.2 570.39140881
13.22 570.345717292
13.24 570.309606202
13.26 570.285544252
13.28 574.233475694
13.3 571.960956928
13.32 573.805733666
13.34 573.70954301
13.36 573.691084566
13.38 575.551466896
13.4 579.483222094
13.42 579.472586704
13.44 579.969213036
13.46 581.869117484
13.48 581.873631948
13.5 583.921429664
13.52 586.591627514
13.54 586.602084658
13.56 585.397715986
13.58 585.422108164
13.6 585.336716954
13.62 584.168382596
13.64 587.745233592
13.66 589.431564926
13.68 591.308276774
13.7 598.523348674
13.72 598.434016714
13.74 600.266036642
13.76 598.488842902
13.78 600.148890716
13.8 603.49209886
13.82 606.859331078
13.84 608.62737984
13.86 610.3248083
13.88 610.339696912
13.9 610.36511045
13.92 612.09717131
13.94 613.552422062
13.96 615.068189158
13.98 613.07778824
14.0 614.668394938
14.02 614.501498856
14.04 616.054775748
14.06 617.739434446
14.08 618.068803058
14.1 616.573011398
14.12 618.65999763
14.14 617.354755408
14.16 619.063087214
14.18 619.388241574
14.2 620.968906142
14.22 619.47176083
14.24 619.335311782
14.26 621.189495674
14.28 621.228762678
14.3 623.083835058
14.32 626.126962534
14.34 624.752622754
14.36 625.82686514
14.38 624.468241122
14.4 624.446258428
14.42 624.485067312
14.44 625.98382804
14.46 629.174279138
14.48 630.703981828
14.5 629.106102644
14.52 627.633098428
14.54 627.629125228
14.56 627.685585708
14.58 627.838718216
14.6 630.830161816
14.62 630.887764272
14.64 631.952538914
14.66 631.94904979
14.68 633.41810802
14.7 636.222439142
14.72 636.068802684
14.74 636.119632608
14.76 636.182680446
14.78 636.025872246
14.8 638.685740164
14.82 638.735651256
14.84 641.650075238
14.86 641.681215882
14.88 641.307937148
14.9 643.666629366
14.92 643.313640296
14.94 645.64458417
14.96 649.285885948
14.98 649.318601856
15.0 649.361920582
15.02 647.21990253
15.04 649.742163526
15.06 650.650801514
15.08 650.680998324
15.1 650.411189168
15.12 650.157634978
15.14 647.029420562
15.16 646.711733244
15.18 646.768818752
15.2 645.276678606
15.22 643.834498526
15.24 642.120689728
15.26 641.806074842
15.28 644.226895656
15.3 642.229121172
15.32 640.704661482
15.34 641.884010438
15.36 644.182441848
15.38 644.281322526
15.4 646.735250766
15.42 644.777508666
15.44 644.66510656
15.46 644.025257816
15.48 642.573137606
15.5 643.761020654
15.52 644.370115706
15.54 647.799071376
15.56 648.036406108
15.58 650.295092906
15.6 652.413125318
15.62 650.353454314
15.64 650.404300642
15.66 651.43283892
15.68 654.546113742
15.7 653.648858748
15.72 653.78054098
15.74 652.556804194
15.76 650.694311294
15.78 651.266599252
15.8 652.288755716
15.82 651.40399529
15.84 650.09487427
15.86 647.733818312
15.88 650.527074852
15.9 651.4856625
15.92 648.076432768
15.94 648.074886122
15.96 649.006739002
15.98 647.285100646
16.0 647.63957034
16.02 645.339009282
16.04 646.101795534
16.06 643.188676034
16.08 644.098691738
16.1 641.503548912
16.12 640.338019172
16.14 640.985652748
16.16 640.991918722
16.18 638.195842242
16.2 637.087766018
16.22 634.775260472
16.24 630.588335034
16.26 630.58597078
16.28 628.673149748
16.3 627.610353114
16.32 628.36240997
16.34 629.13492243
16.36 628.30086923
16.38 629.041732618
16.4 625.945958112
16.42 627.26535324
16.44 627.851733624
16.46 626.724498848
16.48 627.385487312
16.5 628.571561036
16.52 628.13147044
16.54 630.073444286
16.56 631.674494958
16.58 630.127754158
16.6 630.10159061
16.62 626.872693374
16.64 628.153779726
16.66 625.42144772
16.68 625.37856324
16.7 623.950915072
16.72 621.979605128
16.74 620.349700114
16.76 620.32110331
16.78 619.793146434
16.8 619.762038312
16.82 619.117167782
16.84 615.484169166
16.86 614.225740514
16.88 615.220640636
16.9 615.739017724
16.92 615.71274555
16.94 616.140966748
16.96 612.936152916
16.98 608.461994358
17.0 606.404582696
17.02 604.971290316
17.04 605.059922648
17.06 605.457181986
17.08 604.686520146
17.1 605.487616992
17.12 605.409194426
17.14 605.341356384
17.16 603.18706027
17.18 603.137447772
17.2 603.000509078
17.22 603.858608944
17.24 599.435664242
17.26 597.762022938
17.28 592.928095508
17.3 592.882006472
17.32 593.242640842
17.34 594.85852765
17.36 592.55011561
17.38 591.679808086
17.4 591.81694346
17.42 592.140987182
17.44 592.445996814
17.46 593.205516078
17.48 588.468839848
17.5 590.112359152
17.52 589.356203842
17.54 586.711822952
17.56 581.723525982
17.58 578.503982838
17.6 575.352671806
17.62 575.538503538
17.64 570.960640678
17.66 570.891294486
17.68 570.336608864
17.7 572.571935028
17.72 572.726178976
17.74 572.80976121
17.76 572.95413501
17.78 570.742487714
17.8 571.016728148
17.82 568.182644886
17.84 568.255945218
17.86 568.206046766
17.88 568.170070636
17.9 568.286897762
17.92 561.781919838
17.94 561.678057752
17.96 559.487697246
17.98 559.42732595
18.0 560.927888482
18.02 560.862644796
18.04 560.731635058
18.06 560.766103772
18.08 559.660240512
18.1 559.515636218
18.12 558.561116742
18.14 556.17970022
18.16 557.4213009
18.18 557.163105948
18.2 559.182829416
18.22 558.898640246
18.24 557.93564526
18.26 557.033727738
18.28 556.906758112
18.3 560.05409376
18.32 559.02475629
18.34 558.906125394
18.36 560.009714328
18.38 565.257626206
18.4 566.715534664
18.42 566.367492582
18.44 563.934583082
18.46 563.749782614
18.48 563.623422166
18.5 563.505020772
18.52 563.176818616
18.54 563.86202801
18.56 564.714347168
18.58 564.414926838
18.6 564.288068774
18.62 564.07386631
18.64 564.902262954
18.66 564.395901728
18.68 564.090751804
18.7 561.94197799
18.72 561.827246576
18.74 560.364553776
18.76 559.875208874
18.78 562.610632232
18.8 561.412509598
18.82 560.178382158
18.84 559.701910564
18.86 561.442772488
18.88 563.139515648
18.9 563.880505036
18.92 563.771260018
18.94 565.000484916
18.96 563.51689964
18.98 566.919525034
19.0 567.679502932
19.02 567.172675052
19.04 567.54330454
19.06 567.1339384
19.08 566.569406264
19.1 565.958993154
19.12 566.901820138
19.14 565.54007301
19.16 564.951708028
19.18 566.297871242
19.2 566.815845538
19.22 566.678397716
19.24 566.12075776
19.26 564.860667602
19.28 563.65310485
19.3 564.948846148
19.32 564.34685703
19.34 565.776166088
19.36 567.728278394
19.38 567.614532542
19.4 567.512980222
19.42 569.313506668
19.44 570.7009341
19.46 568.88730189
19.48 569.823548102
19.5 573.604607494
19.52 572.937704166
19.54 573.722697534
19.56 573.116843828
19.58 575.00536053
19.6 578.654020332
19.62 579.725207386
19.64 578.483612666
19.66 578.408877046
19.68 577.015160868
19.7 575.771016748
19.72 579.88301106
19.74 578.474259164
19.76 577.807062114
19.78 576.603903132
19.8 575.88833583
19.82 573.633934794
19.84 573.535385276
19.86 573.445539846
19.88 573.370738432
19.9 571.38827967
19.92 570.212430888
19.94 572.535478072
19.96 572.454934338
19.98 571.330691728
20.0 573.99579857
