0.0 0.0
0.02 33.113910176
0.04 35.390857148
0.06 46.804273808
0.08 53.628897414
0.1 53.564946026
0.12 53.533281442
0.14 55.058722644
0.16 57.31770498
0.18 50.44208823
0.2 52.665677342
0.22 54.929277884
0.24 54.9268393
0.26 54.926256574
0.28 54.923062918
0.3 52.639523864
0.32 52.63556375
0.34 52.635229998
0.36 57.207408406
0.38 57.212076488
0.4 54.939406678
0.42 57.22701147
0.44 54.937234232
0.46 53.402089286
0.48 55.67720129
0.5 57.895248618
0.52 57.889627616
0.54 57.884933012
0.56 57.881233738
0.58 57.879641182
0.6 57.878953498
0.62 57.879166024
0.64 57.879749484
0.66 57.880442094
0.68 57.881345152
0.7 57.882455312
0.72 57.882508368
0.74 57.882574288
0.76 60.173297578
0.78 60.173956742
0.8 62.468801298
0.82 62.472433446
0.84 60.19224734
0.86 60.213073474
0.88 62.502791004
0.9 60.231391784
0.92 59.506814088
0.94 59.524236664
0.96 59.54526832
0.98 57.272359366
1.0 59.503165112
1.02 59.444345912
1.04 57.22145223
1.06 57.24022262
1.08 57.262452592
1.1 55.00405209
1.12 61.886080272
1.14 64.142395612
1.16 64.162508166
1.18 66.450982926
1.2 66.473156394
1.22 66.49869623
1.24 66.528315442
1.26 71.007864246
1.28 70.975947606
1.3 73.171565382
1.32 77.574178824
1.34 77.592735448
1.36 77.630404562
1.38 75.378345502
1.4 77.635883452
1.42 77.65421332
1.44 79.779492386
1.46 81.982361
1.48 82.003304662
1.5 84.24849932
1.52 87.187801332
1.54 93.69073281
1.56 93.694603058
1.58 93.702565628
1.6 97.71311689
1.62 97.531056102
1.64 99.652185616
1.66 99.654024612
1.68 99.65980025
1.7 106.256075634
1.72 110.36614817
1.74 116.885390306
1.76 118.95340958
1.78 121.989053282
1.8 121.977080028
1.82 121.968651746
1.84 128.306285976
1.86 128.292370402
1.88 132.443602828
1.9 132.42904443
1.92 132.416964838
1.94 134.48382252
1.96 136.687062278
1.98 138.741177574
2.0 138.731983672
2.02 149.332762572
2.04 151.422915376
2.06 153.568141904
2.08 157.76360872
2.1 159.79206376
2.12 159.766563492
2.14 159.745163184
2.16 157.723563444
2.18 157.704303652
2.2 161.859524996
2.22 161.84073352
2.24 161.824914024
2.26 163.786860588
2.28 167.931200922
2.3 167.913439702
2.32 169.997549578
2.34 169.984347454
2.36 169.973854724
2.38 169.968439792
2.4 169.964991126
2.42 171.985825286
2.44 171.985764398
2.46 171.990289762
2.48 171.99736256
2.5 173.937077062
2.52 178.04231227
2.54 180.548246448
2.56 180.545561896
2.58 184.50691914
2.6 186.445841468
2.62 188.384165766
2.64 188.378005306
2.66 192.175269336
2.68 194.11566078
2.7 196.050909648
2.72 197.990522342
2.74 197.98200707
2.76 197.977131046
2.78 203.760090182
2.8 205.785984532
2.82 209.716293472
2.84 211.63202711
2.86 211.614907542
2.88 211.601161594
2.9 213.522944582
2.92 217.24701963
2.94 217.231907114
2.96 219.219858266
2.98 219.207848358
3.0 219.199672824
3.02 221.169733658
3.04 222.969274712
3.06 222.963632438
3.08 224.782141234
3.1 226.720835414
3.12 228.654741758
3.14 230.530034174
3.16 234.10496761
3.18 234.09499339
3.2 239.643244764
3.22 241.478756622
3.24 243.290974554
3.26 246.991265098
3.28 246.97200064
3.3 250.525500284
3.32 250.50410161
3.34 252.281501562
3.36 252.262342356
3.38 252.247441682
3.4 254.08029805
3.42 255.878721792
3.44 257.67879241
3.46 259.90365
3.48 261.814250244
3.5 261.803115326
3.52 263.580632476
3.54 267.188872138
3.56 270.826979828
3.58 272.590491168
3.6 272.573608278
3.62 274.384824522
3.64 276.162006882
3.66 276.147439932
3.68 276.135614026
3.7 276.127551122
3.72 277.853597994
3.74 281.376589362
3.76 284.890721182
3.78 288.435826526
3.8 288.415553924
3.82 290.111008896
3.84 295.184321152
3.86 295.159080024
3.88 295.13804902
3.9 295.118446748
3.92 295.103832736
3.94 295.09242946
3.96 295.084444084
3.98 295.08049342
4.0 295.079007206
4.02 296.80768033
4.04 300.217128048
4.06 300.215028834
4.08 302.044322738
4.1 306.1462739
4.12 307.79210544
4.14 311.075382454
4.16 311.072394428
4.18 312.719447498
4.2 312.718517212
4.22 314.26644088
4.24 314.268291896
4.26 314.272641184
4.28 315.830378722
4.3 315.83792102
4.32 318.145065912
4.34 318.158969266
4.36 318.1766677
4.38 319.711803578
4.4 325.133270864
4.42 326.671422006
4.44 326.686587258
4.46 326.704898576
4.48 328.142688996
4.5 328.163933392
4.52 328.188634268
4.54 329.957477594
4.56 329.985018966
4.58 330.016146352
4.6 331.610247652
4.62 333.385647852
4.64 335.07641999
4.66 335.108742634
4.68 338.230315966
4.7 343.000625
4.72 343.025044926
4.74 344.542712226
4.76 344.570216484
4.78 347.62646304
4.8 349.280277
4.82 350.767913374
4.84 352.337079868
4.86 353.980867012
4.88 356.824845442
4.9 358.334674418
4.92 359.835400242
4.94 361.427705798
4.96 362.973149598
4.98 362.991287836
5.0 363.01131636
5.02 363.035659394
5.04 363.064486586
5.06 365.793657138
5.08 370.323681168
5.1 371.948014748
5.12 371.965624118
5.14 373.437770478
5.16 377.82074968
5.18 377.831758776
5.2 377.847014718
5.22 379.151429996
5.24 380.839202986
5.26 382.378739678
5.28 382.396194958
5.3 382.417414166
5.32 382.44142602
5.34 382.468913826
5.36 382.50011828
5.38 383.875216852
5.4 385.493440912
5.42 388.35542912
5.44 389.793151844
5.46 389.821398668
5.48 395.494717472
5.5 395.513199446
5.52 396.711315986
5.54 399.337486314
5.56 400.752438652
5.58 400.768430802
5.6 400.788265068
5.62 400.812366576
5.64 402.066603456
5.66 406.47017922
5.68 406.487440996
5.7 407.863786108
5.72 407.88486473
5.74 407.90821022
5.76 410.68282299
5.78 412.08753158
5.8 414.766246342
5.82 414.785769454
5.84 416.200671856
5.86 419.032745168
5.88 420.546849468
5.9 420.565258856
5.92 421.776765448
5.94 423.15093708
5.96 423.169818118
5.98 423.191855658
6.0 425.556526672
6.02 426.79782074
6.04 426.817684192
6.06 426.841542342
6.08 429.438139212
6.1 429.46003378
6.12 433.057689186
6.14 435.47218011
6.16 435.485755898
6.18 435.500636296
6.2 436.72906718
6.22 436.747322654
6.24 437.786056628
6.26 437.806668794
6.28 439.119615496
6.3 440.245921612
6.32 440.269584542
6.34 441.468004672
6.36 441.494643676
6.38 442.60636673
6.4 445.923882778
6.42 445.952426226
6.44 449.529404298
6.46 450.955996814
6.48 452.225055124
6.5 453.320138402
6.52 453.341466074
6.54 455.72048502
6.56 456.788762498
6.58 458.26977394
6.6 459.362787664
6.62 460.693462778
6.64 461.86298132
6.66 462.857156588
6.68 464.957061896
6.7 466.038838142
6.72 466.046516878
6.74 467.215954808
6.76 467.226540032
6.78 468.226499216
6.8 469.263210718
6.82 469.2739203
6.84 470.624809744
6.86 471.846959208
6.88 471.860280054
6.9 471.880881818
6.92 473.931751108
6.94 476.465274714
6.96 476.47915973
6.98 477.519075432
7.0 477.533700186
7.02 479.893531534
7.04 479.907753498
7.06 485.916924496
7.08 485.918964574
7.1 487.046076788
7.12 488.205099088
7.14 490.527501946
7.16 490.529026622
7.18 492.329300166
7.2 492.329944226
7.22 492.33346306
7.24 495.238377524
7.26 496.15533272
7.28 496.153003802
7.3 501.656981402
7.32 501.641698198
7.34 501.629432928
7.36 502.710811978
7.38 502.702893398
7.4 503.744020376
7.42 503.739492136
7.44 503.73694314
7.46 505.693527766
7.48 506.739788392
7.5 507.720761356
7.52 509.72588138
7.54 510.686047548
7.56 510.677598052
7.58 510.672374702
7.6 510.668964926
7.62 510.671979116
7.64 510.675434234
7.66 512.430519562
7.68 512.434272006
7.7 512.44228872
7.72 517.500980978
7.74 518.529285222
7.76 520.36395532
7.78 522.04366583
7.8 522.032117554
7.82 522.023705298
7.84 523.133717542
7.86 523.128846906
7.88 524.086116504
7.9 525.612100484
7.92 528.925591712
7.94 529.91034794
7.96 529.903223798
7.98 531.330592504
8.0 531.322454946
8.02 532.135243388
8.04 533.146287074
8.06 533.442823058
8.08 533.436028164
8.1 534.295405348
8.12 534.29027936
8.14 535.907772636
8.16 535.900415608
8.18 535.89950495
8.2 536.974694616
8.22 536.975935092
8.24 537.676749124
8.26 537.680916644
8.28 540.087894168
8.3 540.972511948
8.32 540.97094898
8.34 541.74275955
8.36 542.634407262
8.38 544.482334872
8.4 545.796159328
8.42 545.786124512
8.44 549.267505104
8.46 550.268332516
8.48 551.85097756
8.5 551.828238188
8.52 551.80947693
8.54 553.294525894
8.56 556.138211716
8.58 557.077920842
8.6 557.84173323
8.62 557.807776094
8.64 557.778230784
8.66 558.16060036
8.68 559.81325837
8.7 559.782432156
8.72 559.752979816
8.74 560.367591788
8.76 560.340839274
8.78 560.31867276
8.8 560.299963636
8.82 561.982317658
8.84 562.609676628
8.86 562.590144104
8.88 563.634760008
8.9 563.613672576
8.92 563.594679218
8.94 563.580610536
8.96 564.23739693
8.98 564.70521651
9.0 565.60212864
9.02 566.431405566
9.04 567.051481196
9.06 567.038285938
9.08 567.029622518
9.1 568.461962474
9.12 570.475160062
9.14 570.953061204
9.16 571.480455968
9.18 571.46960316
9.2 572.091491874
9.22 572.083879144
9.24 572.68068894
9.26 573.96480246
9.28 575.327997946
9.3 575.316722648
9.32 575.3061846
9.34 576.03674964
9.36 578.189880082
9.38 578.886458504
9.4 578.867117994
9.42 579.398567794
9.44 579.37961495
9.46 579.366765492
9.48 579.65889176
9.5 580.228869284
9.52 581.555982898
9.54 582.069829532
9.56 584.028037058
9.58 584.009457692
9.6 584.404234206
9.62 586.451294272
9.64 586.424945242
9.66 586.402646086
9.68 586.385044036
9.7 587.051828822
9.72 587.035108336
9.74 587.022979742
9.76 588.297480454
9.78 588.28374457
9.8 589.638719228
9.82 589.620651492
9.84 590.289288512
9.86 591.729841536
9.88 591.706197744
9.9 592.019902446
9.92 591.999635842
9.94 592.574580658
9.96 595.707831164
9.98 595.681348308
10.0 596.172952426
10.02 596.148656296
10.04 596.1296308
10.06 596.71064758
10.08 596.694276296
10.1 596.999619086
10.12 597.897938314
10.14 597.880433574
10.16 597.864641236
10.18 598.15446785
10.2 598.142142564
10.22 598.8259919
10.24 598.817668054
10.26 599.511985884
10.28 600.223581772
10.3 600.21788339
10.32 600.478143182
10.34 600.797089864
10.36 601.11847968
10.38 601.114361758
10.4 602.25744844
10.42 603.83338046
10.44 604.387442504
10.46 604.372767556
10.48 604.896959036
10.5 605.282379954
10.52 605.270782324
10.54 607.361487216
10.56 608.600317314
10.58 608.951057348
10.6 611.456421906
10.62 611.433210646
10.64 611.413215676
10.66 611.872302186
10.68 612.07828607
10.7 614.606422422
10.72 615.003413288
10.74 614.978703884
10.76 617.166930418
10.78 619.184859078
10.8 619.722693806
10.82 619.703779714
10.84 620.198904198
10.86 620.719398412
10.88 621.873509178
10.9 621.850308732
10.92 622.21366827
10.94 622.602588122
10.96 625.15856666
10.98 625.332655422
11.0 626.277165074
11.02 627.108954864
11.04 627.072889072
11.06 627.332726112
11.08 627.318591126
11.1 627.285023504
11.12 627.254250022
11.14 627.227706196
11.16 627.294099086
11.18 627.271598566
11.2 627.249148898
11.22 627.231818476
11.24 627.218258446
11.26 629.430815364
11.28 629.422183134
11.3 629.41948831
11.32 629.418817596
11.34 630.09154134
11.36 630.09184462
11.38 630.092725586
11.4 631.568004592
11.42 631.568108226
11.44 631.572456482
11.46 631.58049712
11.48 631.591905486
11.5 631.767250068
11.52 631.781612152
11.54 632.181662662
11.56 632.545081344
11.58 632.683239604
11.6 633.22687992
11.62 633.239813188
11.64 633.528010808
11.66 633.54120141
11.68 633.555022794
11.7 633.769760274
11.72 633.78771403
11.74 633.768076092
11.76 634.198131898
11.78 634.568930724
11.8 634.588530934
11.82 634.612951374
11.84 634.640660346
11.86 634.975181214
11.88 635.275497116
11.9 635.391912648
11.92 635.413889056
11.94 635.425670156
11.96 635.449780016
11.98 635.47647552
12.0 636.142213504
12.02 636.16930423
12.04 636.197536116
12.06 636.43736058
12.08 636.345262198
12.1 636.37420579
12.12 636.366178948
12.14 636.47367344
12.16 636.50514478
12.18 635.393404564
12.2 635.42315916
12.22 635.390707412
12.24 635.418601392
12.26 635.724979802
12.28 635.757230992
12.3 636.033056062
12.32 636.13124609
12.34 635.99899102
12.36 636.119102556
12.38 636.152180674
12.4 636.187260706
12.42 636.129237674
12.44 636.166628718
12.46 636.209299114
12.48 638.210013526
12.5 638.249802408
12.52 638.445983248
12.54 638.697437048
12.56 640.697880078
12.58 640.738647934
12.6 640.786764182
12.62 640.649097686
12.64 640.69545403
12.66 640.739335744
12.68 640.445166538
12.7 640.488551916
12.72 640.536193574
12.74 640.612491728
12.76 640.662821768
12.78 642.774322976
12.8 642.405826034
12.82 642.448462018
12.84 642.14202101
12.86 642.18873684
12.88 641.534297008
12.9 641.392959162
12.92 641.038888738
12.94 641.076856782
12.96 641.116117054
12.98 641.218511358
13.0 641.002829682
13.02 640.771159576
13.04 640.25955438
13.06 640.288687288
13.08 640.114793032
13.1 639.90651001
13.12 639.65318707
13.14 639.685484634
13.16 639.13502713
13.18 639.16397118
13.2 639.195497888
13.22 639.232057192
13.24 638.486298394
13.26 638.520693982
13.28 640.634015196
13.3 639.617315756
13.32 639.352947166
13.34 638.944832926
13.36 639.262269566
13.38 639.288994838
13.4 639.317716952
13.42 639.351123328
13.44 639.017952498
13.46 638.104859772
13.48 638.130158958
13.5 638.055155598
13.52 638.086090206
13.54 638.120050856
13.56 638.157040604
13.58 638.198786844
13.6 637.99415124
13.62 637.59575195
13.64 637.634968316
13.66 637.10164249
13.68 636.771229672
13.7 636.718202126
13.72 636.753186464
13.74 636.793501414
13.76 636.74454911
13.78 636.387758438
13.8 636.431201272
13.82 636.40628511
13.84 636.451392868
13.86 636.50274983
13.88 636.555215122
13.9 635.526472984
13.92 635.340676636
13.94 635.388880458
13.96 634.90381061
13.98 634.740822528
14.0 634.77866469
14.02 634.258625112
14.04 634.29600524
14.06 634.335913442
14.08 634.381229818
14.1 634.42902296
14.12 633.936535334
14.14 633.5497657
14.16 632.649056568
14.18 632.344879356
14.2 631.971850722
14.22 631.544148596
14.24 631.578324718
14.26 631.619642754
14.28 630.467596398
14.3 630.505005304
14.32 630.547257074
14.34 632.090599464
14.36 631.727786282
14.38 631.26035139
14.4 631.302256872
14.42 632.95724354
14.44 634.54728275
14.46 634.588074682
14.48 634.07191558
14.5 632.37878962
14.52 632.411367266
14.54 631.953585216
14.56 631.985228062
14.58 631.642018324
14.6 631.674257592
14.62 631.71077345
14.64 631.547132598
14.66 631.225348034
14.68 631.263749594
14.7 635.368976494
14.72 635.41162446
14.74 635.457010238
14.76 633.30433078
14.78 633.33714134
14.8 633.011605942
14.82 633.04744033
14.84 633.086973866
14.86 632.72364072
14.88 632.76577192
14.9 632.04863728
14.92 632.094530478
14.94 630.999901988
14.96 630.669921684
14.98 630.71343406
15.0 632.264665398
15.02 631.574350384
15.04 631.61489186
15.06 631.66096328
15.08 630.960704282
15.1 630.248756892
15.12 630.296597084
15.14 630.347455886
15.16 629.767164388
15.18 629.820643534
15.2 629.236815594
15.22 628.112231912
15.24 628.163541962
15.26 627.973404406
15.28 626.78220373
15.3 626.449044374
15.32 626.498604234
15.34 626.55214369
15.36 624.065012798
15.38 623.421707134
15.4 622.990702292
15.42 622.365427532
15.44 620.817722492
15.46 619.833854496
15.48 619.86727233
15.5 619.904220584
15.52 619.945044696
15.54 619.538197502
15.56 618.733702204
15.58 618.10589299
15.6 617.34586408
15.62 617.387154926
15.64 615.727313646
15.66 614.918949666
15.68 613.191146048
15.7 612.498326476
15.72 612.07284892
15.74 610.780698446
15.76 610.806142944
15.78 610.062109874
15.8 609.23533266
15.82 608.66791505
15.84 608.258524738
15.86 608.286383568
15.88 607.028208302
15.9 607.054266734
15.92 605.085501184
15.94 605.105944438
15.96 604.652334858
15.98 604.675524628
16.0 604.702363234
16.02 604.734252
16.04 604.767893552
16.06 604.807096812
16.08 604.848664836
16.1 603.039379166
16.12 603.079630228
16.14 602.185726472
16.16 601.165650314
16.18 600.783688612
16.2 600.821393258
16.22 600.863943782
16.24 600.908782024
16.26 600.052814984
16.28 602.022903014
16.3 600.001093412
16.32 599.115389396
16.34 599.158879848
16.36 599.203189492
16.38 598.589219788
16.4 598.638633606
16.42 597.989562502
16.44 598.041038826
16.46 596.026695768
16.48 594.514305702
16.5 594.560607244
16.52 594.610722994
16.54 592.589725184
16.56 591.9416303
16.58 591.358326348
16.6 591.403360392
16.62 591.450820582
16.64 590.861534454
16.66 590.283340094
16.68 589.654850642
16.7 589.704698092
16.72 588.7401984
16.74 586.472011526
16.76 584.741313292
16.78 584.78240439
16.8 583.695533894
16.82 582.663369838
16.84 582.704529998
16.86 583.535897446
16.88 583.57810746
16.9 583.627086822
16.92 581.28471264
16.94 579.587940274
16.96 579.625510762
16.98 579.666432956
17.0 581.7390365
17.02 580.985566316
17.04 578.935315536
17.06 578.974404252
17.08 576.894822526
17.1 576.933913762
17.12 576.974416202
17.14 577.019466396
17.16 576.14604483
17.18 572.952589354
17.2 572.992016422
17.22 571.833164894
17.24 571.875638956
17.26 571.920182054
17.28 570.392339926
17.3 568.052279774
17.32 567.21289703
17.34 567.248700708
17.36 566.463680274
17.38 566.50212435
17.4 565.740436836
17.42 564.580704608
17.44 564.621704534
17.46 563.99281811
17.48 564.038203156
17.5 561.786718026
17.52 559.408059958
17.54 558.581185426
17.56 557.947728532
17.58 555.661258308
17.6 554.47339835
17.62 554.505471004
17.64 554.541448314
17.66 550.243322662
17.68 549.028428278
17.7 547.88513967
17.72 546.734255816
17.74 544.887028868
17.76 544.90886147
17.78 542.969151222
17.8 542.987723628
17.82 543.010485578
17.84 543.036215604
17.86 540.990302498
17.88 539.556162084
17.9 539.580999286
17.92 535.14947821
17.94 534.305462426
17.96 533.320288774
17.98 532.430885474
18.0 530.239608682
18.02 530.248912886
18.04 530.26126103
18.06 528.95275256
18.08 528.96935583
18.1 526.271108418
18.12 525.246175306
18.14 525.2594408
18.16 525.27759927
18.18 525.297758382
18.2 525.321942364
18.22 521.929463926
18.24 520.542748712
18.26 520.559816706
18.28 519.287491442
18.3 518.252712504
18.32 518.27640004
18.34 516.372637188
18.36 514.97889898
18.38 513.553702098
18.4 513.572627516
18.42 510.614232572
18.44 507.546772316
18.46 505.108978944
18.48 505.11731669
18.5 503.754163354
18.52 503.764034154
18.54 503.778779446
18.56 503.795922704
18.58 502.451348174
18.6 502.470443972
18.62 502.495605658
18.64 500.030218368
18.66 500.051386082
18.68 500.079338186
18.7 496.434613682
18.72 496.455344222
18.74 496.480793148
18.76 496.509063074
18.78 496.540375182
18.8 495.536241244
18.82 494.471535288
18.84 492.33552345
18.86 490.973106034
18.88 488.531245094
18.9 487.05902514
18.92 487.08351122
18.94 484.377664334
18.96 484.400426476
18.98 484.426842466
19.0 484.45742457
19.02 482.83398575
19.04 481.823843288
19.06 480.379451808
19.08 478.91145573
19.1 478.943874988
19.12 478.97793078
19.14 478.45384375
19.16 476.931411348
19.18 476.96719388
19.2 477.007528192
19.22 475.369723406
19.24 474.27219108
19.26 472.701572086
19.28 470.897002008
19.3 468.503380404
19.32 468.540566942
19.34 467.357412888
19.36 467.398061706
19.38 465.837377014
19.4 465.882282304
19.42 464.290096122
19.44 464.335692354
19.46 462.752920598
19.48 461.669088438
19.5 460.484966514
19.52 460.532990244
19.54 457.756014616
19.56 454.53636277
19.58 454.578823528
19.6 452.284024188
19.62 452.325673828
19.64 449.016809032
19.66 447.732526496
19.68 446.281508418
19.7 444.686814022
19.72 443.391504868
19.74 443.428692058
19.76 441.70126439
19.78 442.577565334
19.8 440.8734141
19.82 440.908807508
19.84 437.579055852
19.86 435.96022124
19.88 434.405475774
19.9 434.438098898
19.92 433.22971059
19.94 433.266420954
19.96 433.30686097
19.98 433.349662888
20.0 432.13039862
