0.0 0.0
0.02 19.211006684
0.04 19.200582806
0.06 21.49722343
0.08 23.79062949
0.1 23.78569126
0.12 26.082827768
0.14 26.079892708
0.16 26.079466818
0.18 26.081180454
0.2 30.671717612
0.22 30.66421767
0.24 30.656935772
0.26 30.650616
0.28 30.644492876
0.3 30.638370246
0.32 30.63287908
0.34 32.890943936
0.36 32.88519415
0.38 32.88085004
0.4 35.13775681
0.42 35.133578308
0.44 35.130951942
0.46 39.704538658
0.48 39.69877745
0.5 39.693189416
0.52 41.967857794
0.54 41.960719476
0.56 41.95341843
0.58 41.946891418
0.6 41.94152773
0.62 41.93662201
0.64 41.933012394
0.66 41.929825296
0.68 41.927160236
0.7 41.9247061
0.72 41.922717936
0.74 41.920891026
0.76 41.918997822
0.78 41.916478006
0.8 41.914459134
0.82 41.911818738
0.84 41.909614282
0.86 41.907319272
0.88 41.905151962
0.9 41.90364764
0.92 41.902361924
0.94 41.901353258
0.96 41.900703734
0.98 41.900409442
1.0 41.900563282
1.02 41.900831116
1.04 41.90134954
1.06 41.901652034
1.08 41.902360654
1.1 41.902412076
1.12 44.175519358
1.14 44.175475868
1.16 44.174903766
1.18 46.39557606
1.2 48.68043781
1.22 48.678398404
1.24 48.676469624
1.26 48.675199952
1.28 48.674413698
1.3 48.674393408
1.32 48.67463924
1.34 48.675385758
1.36 48.676550174
1.38 48.678495434
1.4 53.153416028
1.42 55.373199896
1.44 55.372942586
1.46 57.60964339
1.48 62.080196664
1.5 62.077074594
1.52 62.074760666
1.54 62.072874246
1.56 62.071536526
1.58 64.274182828
1.6 64.27379483
1.62 66.500324228
1.64 68.742551166
1.66 68.740545858
1.68 68.739932066
1.7 70.958142446
1.72 70.957539446
1.74 70.956969098
1.76 73.048081316
1.78 73.045201274
1.8 73.04305368
1.82 77.54243413
1.84 75.234831794
1.86 75.231151822
1.88 75.227625534
1.9 75.224150328
1.92 75.221876584
1.94 75.219819458
1.96 75.218249406
1.98 75.21763141
2.0 77.44099524
2.02 77.438817024
2.04 79.616292428
2.06 79.614554916
2.08 79.61389678
2.1 79.613337936
2.12 81.872660886
2.14 81.87289663
2.16 84.023606128
2.18 84.022883494
2.2 84.022539418
2.22 88.516729972
2.24 90.712665344
2.26 90.709759176
2.28 89.073171428
2.3 89.069967934
2.32 89.066659252
2.34 95.366212734
2.36 95.361496788
2.38 95.357695802
2.4 97.440102354
2.42 99.577085802
2.44 101.692906912
2.46 101.684847058
2.48 101.677630938
2.5 103.915236188
2.52 103.90743751
2.54 103.899913554
2.56 106.188987068
2.58 106.182058138
2.6 108.31554583
2.62 108.307929064
2.64 108.299810602
2.66 108.292783662
2.68 108.28719614
2.7 110.473307272
2.72 110.466631886
2.74 112.66681135
2.76 112.659231158
2.78 112.65403475
2.8 114.776112038
2.82 114.769161394
2.84 118.987277438
2.86 123.226363206
2.88 123.214988078
2.9 125.33772421
2.92 127.424916424
2.94 127.410762714
2.96 127.397691784
2.98 127.385480548
3.0 129.530995628
3.02 131.685587364
3.04 133.731316034
3.06 133.718416538
3.08 133.705533972
3.1 135.863505122
3.12 135.85114317
3.14 135.839528368
3.16 135.828877168
3.18 135.818018556
3.2 135.807989936
3.22 135.798641162
3.24 135.79028905
3.26 137.88894957
3.28 142.03191641
3.3 142.019536836
3.32 144.14271089
3.34 146.283930502
3.36 148.409837344
3.38 150.51751046
3.4 150.504386192
3.42 152.483028732
3.44 152.468199184
3.46 152.45461826
3.48 152.441316684
3.5 154.665425974
3.52 154.651658206
3.54 154.639612284
3.56 154.627582676
3.58 154.616465488
3.6 156.753071614
3.62 158.806982148
3.64 160.884841928
3.66 160.869868722
3.68 160.855514542
3.7 160.842045028
3.72 160.828922142
3.74 160.817125026
3.76 162.980834948
3.78 165.081039956
3.8 171.348939962
3.82 171.333093868
3.84 171.31793387
3.86 175.617864278
3.88 177.665839234
3.9 179.638988654
3.92 179.61959604
3.94 181.653326544
3.96 187.907941934
3.98 187.883876042
4.0 187.860211944
4.02 187.8362418
4.04 187.813532722
4.06 187.7911082
4.08 187.768584086
4.1 187.748304862
4.12 187.727067436
4.14 187.708265266
4.16 189.814962044
4.18 189.796181166
4.2 189.775991334
4.22 189.757987978
4.24 189.73947543
4.26 189.72283681
4.28 189.70532677
4.3 191.771847178
4.32 191.75500847
4.34 191.738747752
4.36 191.723480308
4.38 191.709115024
4.4 193.612189164
4.42 193.595491246
4.44 193.580619884
4.46 195.434428584
4.48 195.418199006
4.5 195.402548032
4.52 197.475279376
4.54 197.459648558
4.56 201.400234264
4.58 201.383827954
4.6 203.530448914
4.62 203.513042524
4.64 203.496612422
4.66 205.64607055
4.68 207.574414166
4.7 207.556723364
4.72 209.639306232
4.74 209.622247766
4.76 209.60538206
4.78 209.589243944
4.8 211.610611218
4.82 215.594332224
4.84 215.57688753
4.86 215.560350482
4.88 215.543016732
4.9 215.527657614
4.92 217.48291486
4.94 221.45552254
4.96 221.436227494
4.98 223.298349548
5.0 225.303352394
5.02 225.28251375
5.04 229.344415764
5.06 229.321984726
5.08 229.300081192
5.1 231.34296984
5.12 231.321625658
5.14 231.300353946
5.16 235.251300262
5.18 235.229684002
5.2 235.207014932
5.22 235.18675264
5.24 235.166525722
5.26 235.145573226
5.28 237.125288052
5.3 237.104218702
5.32 238.964606962
5.34 238.943459732
5.36 238.92363671
5.38 238.904483012
5.4 241.014182148
5.42 242.944771866
5.44 242.924076856
5.46 244.901245738
5.48 247.882587468
5.5 247.860928786
5.52 247.839533748
5.54 247.817954872
5.56 247.797754062
5.58 247.77674062
5.6 249.748917566
5.62 249.728917042
5.64 249.709122056
5.66 249.691287718
5.68 249.673388634
5.7 249.655783984
5.72 249.638352476
5.74 251.453682546
5.76 251.43554217
5.78 251.418306344
5.8 251.401745128
5.82 251.3861578
5.84 251.370601398
5.86 251.35552744
5.88 253.251101282
5.9 253.23508161
5.92 253.221423466
5.94 255.274258442
5.96 255.259427646
5.98 255.245056828
6.0 259.144976732
6.02 259.130245224
6.04 259.113678702
6.06 259.099921818
6.08 262.802544396
6.1 266.651187244
6.12 266.632067254
6.14 266.613342208
6.16 266.595566932
6.18 266.577544936
6.2 266.560293408
6.22 268.434693384
6.24 270.246196434
6.26 272.263679558
6.28 272.243769042
6.3 274.042717632
6.32 277.742829232
6.34 279.387224652
6.36 279.3628362
6.38 279.33878091
6.4 281.371662152
6.42 283.218280106
6.44 283.193249944
6.46 283.168347158
6.48 283.144214114
6.5 283.12074743
6.52 287.30553661
6.54 289.289548988
6.56 289.264353876
6.58 289.242246326
6.6 289.217951992
6.62 289.196310122
6.64 289.173205896
6.66 289.15213025
6.68 289.131433716
6.7 291.115607834
6.72 292.873756506
6.74 292.851655114
6.76 292.829516668
6.78 292.809330448
6.8 294.778688372
6.82 294.758016506
6.84 294.73771717
6.86 294.718864872
6.88 294.699857938
6.9 294.681456334
6.92 294.664882908
6.94 296.721451728
6.96 296.7042873
6.98 296.686628088
7.0 298.743470112
7.02 298.726341478
7.04 298.710082314
7.06 298.695452222
7.08 300.432149678
7.1 302.229481326
7.12 302.21183774
7.14 302.195058754
7.16 304.074873066
7.18 304.057521114
7.2 305.948607084
7.22 307.66665523
7.24 307.647944142
7.26 309.684577694
7.28 309.66660486
7.3 309.648896412
7.32 309.631268022
7.34 309.615096192
7.36 309.598641972
7.38 309.582725884
7.4 309.568790648
7.42 311.448188116
7.44 311.433718446
7.46 313.183001698
7.48 313.167765134
7.5 315.064089166
7.52 315.04818638
7.54 315.033694648
7.56 315.020057578
7.58 315.005926132
7.6 314.994155638
7.62 316.940334674
7.64 318.623213818
7.66 318.608626264
7.68 318.595577978
7.7 318.582573216
7.72 318.57026756
7.74 318.558575002
7.76 318.548308678
7.78 318.537672536
7.8 320.271169504
7.82 320.261005416
7.84 320.249448
7.86 322.211968602
7.88 322.201929292
7.9 322.191773252
7.92 323.77587484
7.94 323.765514034
7.96 323.755133446
7.98 323.746468466
8.0 325.33896038
8.02 327.32451964
8.04 328.964326444
8.06 328.952547262
8.08 328.94197087
8.1 328.930783474
8.12 330.509994918
8.14 330.49925735
8.16 330.486412014
8.18 334.23683766
8.2 336.161688476
8.22 337.806225948
8.24 337.79414161
8.26 337.780625536
8.28 337.766990892
8.3 339.744061302
8.32 339.731064734
8.34 339.719924142
8.36 343.001685556
8.38 344.658067934
8.4 344.643362034
8.42 344.628407732
8.44 344.614280962
8.46 344.599940378
8.48 346.237235848
8.5 346.225076572
8.52 346.211561504
8.54 346.200180306
8.56 347.83698221
8.58 347.823078078
8.6 347.811373756
8.62 347.800211058
8.64 347.78919399
8.66 349.681094154
8.68 351.301755214
8.7 354.646285056
8.72 356.21275106
8.74 356.195705516
8.76 356.179236242
8.78 359.730859438
8.8 359.713751052
8.82 359.695785278
8.84 361.637555856
8.86 361.618701684
8.88 361.603556682
8.9 361.587428834
8.92 361.572433126
8.94 363.372761332
8.96 365.370868382
8.98 365.354246032
9.0 365.340453062
9.02 365.326107998
9.04 365.313631368
9.06 365.299275692
9.08 365.287842884
9.1 365.275917304
9.12 366.68594259
9.14 368.292030714
9.16 368.278388146
9.18 368.263757388
9.2 368.251064838
9.22 371.41694736
9.24 371.40082027
9.26 371.385266154
9.28 371.372167568
9.3 371.357954194
9.32 371.345317268
9.34 373.187131638
9.36 373.172846316
9.38 373.161693782
9.4 373.148809606
9.42 373.13783335
9.44 374.79942867
9.46 376.62644755
9.48 376.613900086
9.5 378.492916308
9.52 380.368488704
9.54 381.660785174
9.56 383.053322726
9.58 383.037559952
9.6 383.022340698
9.62 383.010251274
9.64 382.994902372
9.66 386.424258322
9.68 386.409593672
9.7 386.395969954
9.72 388.281936338
9.74 389.812969908
9.76 391.3621286
9.78 391.345494744
9.8 391.328972356
9.82 391.312927834
9.84 391.297581044
9.86 391.28324652
9.88 392.504252546
9.9 392.489151982
9.92 392.47457939
9.94 392.459997014
9.96 392.446786552
9.98 394.374672416
10.0 394.361815694
10.02 395.817070922
10.04 395.803488726
10.06 399.584418328
10.08 399.569145798
10.1 399.556000128
10.12 399.541655374
10.14 399.52900188
10.16 399.51647561
10.18 399.503989506
10.2 402.976465008
10.22 402.964055624
10.24 404.91407697
10.26 404.902180696
10.28 406.601363904
10.3 406.58976783
10.32 408.009007042
10.34 409.821259086
10.36 409.808649854
10.38 409.79542838
10.4 409.783341996
10.42 411.567347918
10.44 411.556726944
10.46 411.54496292
10.48 416.578373112
10.5 416.565726538
10.52 418.04468713
10.54 418.029772242
10.56 419.393666042
10.58 419.378143248
10.6 420.658461928
10.62 420.641461554
10.64 420.624939378
10.66 423.88659625
10.68 423.870328602
10.7 423.852828158
10.72 423.83731241
10.74 425.103038008
10.76 426.910168712
10.78 426.893450672
10.8 426.877096208
10.82 426.861305298
10.84 428.751403258
10.86 429.92025261
10.88 431.396588556
10.9 431.377526528
10.92 431.360173844
10.94 434.943822558
10.96 434.924993364
10.98 434.907884936
11.0 434.89045756
11.02 434.87399719
11.04 434.858118128
11.06 434.841266408
11.08 434.82783694
11.1 434.812081074
11.12 434.801090876
11.14 434.785942034
11.16 434.774142704
11.18 434.76170397
11.2 434.749729954
11.22 434.740232294
11.24 440.327437662
11.26 440.314194444
11.28 440.303031548
11.3 440.292414874
11.32 441.98430773
11.34 441.97392225
11.36 445.003246208
11.38 444.991724596
11.4 447.707915446
11.42 447.693025638
11.44 447.676982674
11.46 447.663771982
11.48 449.475404026
11.5 449.460508286
11.52 449.445817316
11.54 449.429767524
11.56 450.824363106
11.58 450.839445008
11.6 450.821804794
11.62 450.806778204
11.64 450.79089454
11.66 450.776517814
11.68 450.761512982
11.7 450.748241074
11.72 450.734939218
11.74 453.717846318
11.76 453.703323408
11.78 454.90785861
11.8 454.891320202
11.82 454.87721756
11.84 454.862443652
11.86 454.847853906
11.88 454.834286188
11.9 454.82223034
11.92 454.810381102
11.94 454.797765888
11.96 456.048228734
11.98 457.417334854
12.0 457.402811328
12.02 457.390093752
12.04 458.67440421
12.06 459.887700164
12.08 459.872772392
12.1 459.858201766
12.12 459.843940364
12.14 459.829117946
12.16 459.815130586
12.18 461.523760618
12.2 461.510628436
12.22 461.498575536
12.24 461.488179568
12.26 461.475226864
12.28 461.465920156
12.3 461.456012788
12.32 461.445902856
12.34 461.436992906
12.36 461.428325452
12.38 461.420698484
12.4 461.414292892
12.42 461.407011302
12.44 461.40153876
12.46 461.395192114
12.48 468.009457672
12.5 467.999758818
12.52 467.991920168
12.54 470.896390294
12.56 470.887277354
12.58 470.877081222
12.6 470.86881813
12.62 470.859965464
12.64 470.85333122
12.66 472.552884578
12.68 472.545626714
12.7 472.53815356
12.72 472.531611038
12.74 474.315664296
12.76 475.524860688
12.78 476.766193138
12.8 476.758941744
12.82 477.883356448
12.84 477.873985952
12.86 477.865285508
12.88 477.855640004
12.9 479.516927598
12.92 479.508283636
12.94 479.501305402
12.96 479.494183678
12.98 479.488922986
13.0 479.481939436
13.02 479.477440774
13.04 479.472928094
13.06 479.469186848
13.08 479.46532653
13.1 479.4620791
13.12 481.263555974
13.14 481.261339368
13.16 482.815884198
13.18 482.814759658
13.2 482.812140514
13.22 482.81181751
13.24 482.810819414
13.26 484.029204718
13.28 484.026007604
13.3 485.795643644
13.32 486.93572555
13.34 486.934301086
13.36 488.895758658
13.38 491.26703406
13.4 491.261251602
13.42 492.96637533
13.44 492.959564136
13.46 495.160744952
13.48 495.151144034
13.5 495.741231282
13.52 495.729208834
13.54 495.718230244
13.56 497.464122824
13.58 497.454631258
13.6 500.914061566
13.62 500.902513562
13.64 500.891834596
13.66 500.882240852
13.68 500.872189352
13.7 500.863772014
13.72 500.85544179
13.74 504.276205684
13.76 504.267528826
13.78 504.258643754
13.8 505.91021539
13.82 505.902704874
13.84 505.895174972
13.86 505.88708822
13.88 505.881002586
13.9 505.875315066
13.92 505.870303522
13.94 505.866176514
13.96 505.861704994
13.98 505.859814172
14.0 505.855467566
14.02 508.435089658
14.04 508.429786508
14.06 508.424650166
14.08 508.423217694
14.1 510.069254294
14.12 511.022857668
14.14 511.019166646
14.16 511.01395447
14.18 511.01125695
14.2 511.007304424
14.22 511.005721048
14.24 511.005302922
14.26 511.002429562
14.28 511.002736582
14.3 511.002565772
14.32 512.048173666
14.34 512.046783708
14.36 513.643467756
14.38 514.691842326
14.4 514.689816672
14.42 514.689133752
14.44 514.687291314
14.46 516.347756108
14.48 516.348667132
14.5 516.347404304
14.52 518.012601168
14.54 518.993958688
14.56 518.994125734
14.58 518.992803304
14.6 518.993789338
14.62 519.842016708
14.64 521.545496278
14.66 521.544245064
14.68 521.544859266
14.7 523.13393619
14.72 523.134692654
14.74 524.803533978
14.76 524.803230204
14.78 526.45504506
14.8 526.455722082
14.82 526.45638662
14.84 527.40532922
14.86 527.405944302
14.88 528.415882664
14.9 528.414713454
14.92 528.413362082
14.94 528.41582725
14.96 528.416771356
14.98 528.418579514
15.0 528.420707508
15.02 529.2718571
15.04 529.272553504
15.06 530.339864492
15.08 530.33994054
15.1 530.340823398
15.12 531.919059966
15.14 531.921480026
15.16 535.05766125
15.18 535.058978766
15.2 535.061078994
15.22 535.062300484
15.24 536.674507464
15.26 536.67523337
15.28 536.679237882
15.3 536.68186718
15.32 537.66375472
15.34 538.454950972
15.36 540.123343474
15.38 540.123729478
15.4 540.12606801
15.42 540.128125838
15.44 540.131817136
15.46 542.709232956
15.48 542.710897368
15.5 542.713116906
15.52 542.715090902
15.54 546.006040554
15.56 547.684942396
15.58 547.687313186
15.6 547.689866688
15.62 551.24524352
15.64 553.779458258
15.66 553.775938828
15.68 553.774193098
15.7 553.770572824
15.72 553.7682401
15.74 553.76621765
15.76 553.765669726
15.78 553.763689302
15.8 554.573622704
15.82 555.511532872
15.84 555.510565062
15.86 555.50732435
15.88 556.3499929
15.9 556.34670529
15.92 558.253548258
15.94 558.247565684
15.96 558.24329293
15.98 558.238859822
16.0 558.235000738
16.02 559.152021496
16.04 559.146814414
16.06 560.028561734
16.08 560.024159134
16.1 560.019336758
16.12 561.510282388
16.14 561.506847786
16.16 561.502192854
16.18 561.499604916
16.2 563.173248448
16.22 563.948287348
16.24 563.944126398
16.26 563.939135616
16.28 563.937161498
16.3 563.933714794
16.32 565.32510801
16.34 565.323649162
16.36 566.923458994
16.38 568.42280018
16.4 568.419136006
16.42 569.950545536
16.44 569.946489284
16.46 569.941515418
16.48 569.937659982
16.5 569.933623848
16.52 569.931685562
16.54 569.928363946
16.56 571.512449562
16.58 571.512132676
16.6 571.508844736
16.62 572.339118016
16.64 572.33842156
16.66 572.334745098
16.68 572.33473118
16.7 572.335412798
16.72 572.333633906
16.74 572.335137402
16.76 573.815988958
16.78 573.817537254
16.8 573.818065872
16.82 573.819296292
16.84 575.403508842
16.86 575.405797976
16.88 575.408318432
16.9 575.413173386
16.92 575.415679992
16.94 575.421136852
16.96 575.426931094
16.98 577.037999254
17.0 577.044171942
17.02 577.050242404
17.04 577.754135434
17.06 580.059899858
17.08 580.062922166
17.1 580.06647938
17.12 580.07063611
17.14 580.840016878
17.16 580.842998776
17.18 580.847586548
17.2 580.85088659
17.22 580.85618166
17.24 580.862676984
17.26 580.869091508
17.28 580.874577064
17.3 582.425727478
17.32 582.431851344
17.34 582.438676134
17.36 584.009422932
17.38 584.015253262
17.4 584.866342762
17.42 584.874671932
17.44 584.882281988
17.46 584.889751714
17.48 585.592635342
17.5 587.181288148
17.52 588.812336342
17.54 588.81900034
17.56 592.70013526
17.58 592.705252858
17.6 592.7097579
17.62 592.715910906
17.64 592.723363762
17.66 594.034230784
17.68 594.03976965
17.7 595.474132838
17.72 597.058372494
17.74 597.063475598
17.76 597.846066214
17.78 597.85284339
17.8 597.85813628
17.82 597.865723768
17.84 597.872686738
17.86 597.88112371
17.88 597.888140444
17.9 597.898061
17.92 597.90771342
17.94 597.917531598
17.96 599.496186094
17.98 599.50847029
18.0 601.107519104
18.02 602.604655746
18.04 603.219988752
18.06 603.227896936
18.08 604.806926198
18.1 605.504409004
18.12 607.185435402
18.14 608.252526704
18.16 608.995111032
18.18 610.323040484
18.2 610.852743192
18.22 611.574651826
18.24 613.79169276
18.26 613.790663716
18.28 613.791322932
18.3 613.791351232
18.32 615.172798326
18.34 616.550152484
18.36 616.550322708
18.38 617.252776838
18.4 617.253198878
18.42 617.75944481
18.44 617.759144376
18.46 617.758229308
18.48 617.759295882
18.5 617.76054493
18.52 617.760445612
18.54 617.763959482
18.56 617.76590308
18.58 621.482908352
18.6 621.482443412
18.62 621.483041924
18.64 621.484707054
18.66 621.484597092
18.68 621.488110594
18.7 621.49109749
18.72 623.111203908
18.74 623.113618678
18.76 623.824081764
18.78 624.346711212
18.8 624.347046726
18.82 624.348480298
18.84 624.351320122
18.86 624.355583272
18.88 624.356027202
18.9 624.36313162
18.92 625.816921076
18.94 625.820238454
18.96 625.825884836
18.98 625.831140112
19.0 627.305520684
19.02 627.311076162
19.04 628.048073188
19.06 628.054175208
19.08 628.058348368
19.1 625.986354358
19.12 625.990658068
19.14 625.99574517
19.16 626.002291966
19.18 626.009450902
19.2 627.667972726
19.22 627.672250046
19.24 627.677928182
19.26 628.1623461
19.28 628.167092222
19.3 628.172534506
19.32 628.761377672
19.34 628.764702258
19.36 630.147890922
19.38 631.585226642
19.4 633.048798992
19.42 633.05258232
19.44 633.057658206
19.46 633.061929714
19.48 633.06899867
19.5 633.074334886
19.52 633.080542826
19.54 633.089120332
19.56 633.63150829
19.58 633.638979844
19.6 633.645995036
19.62 633.65386168
19.64 633.66213398
19.66 633.671723396
19.68 633.681856838
19.7 633.689588528
19.72 633.701835556
19.74 634.086703952
19.76 634.096330034
19.78 634.635955568
19.8 636.093665594
19.82 636.102475408
19.84 636.111666132
19.86 636.121388856
19.88 636.132693218
19.9 636.14239511
19.92 636.155516248
19.94 637.621186534
19.96 637.632290236
19.98 638.08918425
20.0 638.09832391
